---------------------------------------------------
M.U.G.E.N ver 1.1.0 Beta 1 P1 (2013.08.11) status log
---------------------------------------------------
Parsing command line...
Command line: C:\Users\Ivan\Desktop\IMG4 FIght Game\Tula.exe
Parse command line OK
Initializing...
Allocating game variables
Reading configuration file...Setting language "en".
OK
Initializing timer...performance timer enabled...frequency 10000000...OK
Initializing keyboard...configuring...OK
Initializing input engine...OK
Initializing sound...OK
Initializing BGM...  OK
Initializing graphics...gameCoord 1280x720...render mode 2_20...trying 1280x720x32 mode 0x0...success...OK
Setting callbacks...OK
Initializing font...OK
Initializing game variables...OK
Session RNG seed is 1746563294
Loading system fonts...OK
Loading options...
Initializing pads...failed
Reinitializing input engine...OK
Remapping keys...OK
Reinitializing input engine...OK
Options loaded OK
Loading system...
  Load system file system.def...OK
  Load system spr...OK
  Load system snd...OK
  Load system fonts...OK
  Load system anim...OK
  Load [Title Info]...OK
  Load [Option Info]...OK
  Load [Select Info]...OK
  Load [VS Screen]...OK
  Load [Victory Screen]...OK
  Load [Demo Mode]...OK
  Load [Continue Screen]...OK
  Load [Game Over Screen]...OK
  Load [Win Screen]...OK
  Load [Survival Results Screen]...OK
  Load [Default Ending]...OK
  Load [End Credits]...OK
  Load TitleBG...VersusBG...VictoryBG...SelectBG...OptionBG...OK
  Loading fight data
    Opening fight data file data/mugen1/fight.def...OK
    Reading [Files]...OK
    Loading fonts...OK
    Load fight anim...OK
    Reading [Lifebar]...[Turns Lifebar]...[Simul Lifebar]...[Powerbar]...
    [Face]...[Simul Face]...[Turns Face]...
    [Name]...[Simul Name]...[Turns Name]...
    [Time]...[Combo]...[Round]...[WinIcon]...OK
    Allocating explods...OK
  Fight data loaded OK
Lua initing
Lua init complete
System loaded OK
Initialize OK
Set up graphics...timer...OK

Entering gameflow loop
Gameflow 0
Gameflow 1
Gameflow 2
Initializing character info...OK
Initializing select screen...finding characters...OK
Gameflow 3
Gameflow 4
Entering mode select.
Unloading match assets
Freeing players
Game loop init
Mode select init
End of mode select loop
Game loop deinit
Gameflow 6
Reset persist vars team 0
Reset persist vars team 1
Gameflow 7
Entering character select.
Unloading match assets
Freeing players
Game loop init
Unreserved all palettes
Charsel init
Selected char 1 on teamslot 0.0
Char Dragadon.def (1) request pal 4 0 (0) -> reserved 0 (0)
Selected char 0 on teamslot 1.0
Char MicaelPlaceholder.def (0) request pal 4 3F (3F) -> reserved 4 (2F)
End of charsel loop
Game loop deinit
Gameflow 8
Gameflow 9
Gameflow 10
Entering versus screen.
Unloading match assets
Freeing players
Game loop init
Versus screen init
End of versus screen loop
Game loop deinit
Gameflow 11
Loading match assets...
Loading stage...
  Loading BG...OK
Stage loaded OK
  Allocating helpers...OK
Match RNG seed: 535311416
Reset persist vars team 0
Reset persist vars team 1
Loading character chars/Dragadon/Dragadon.def...
  Loading info...Info: Dragadon loading in pre-1.0 compatible mode
OK
  Loading cmd command set Dragadon.cmd...OK
  Loading cns Dragadon.cns...OK
  Loading cmd state entry Dragadon.cmd...OK
  Loading common states common1.cns...OK
  Loading sff Dragadon.sff...OK
  Loading anim Dragadon.air...OK
  Loading pals...OK
  1168 expressions (581 on trigger lines)
Character Dragadon.def loaded OK
New char Dragonazo loaded into cache: (1/4 cached) Load time: 10.000ms
Loading character chars/MicaelPlaceholder/MicaelPlaceholder.def...
  Loading info...Info: Micael loading in pre-1.0 compatible mode
OK
  Loading cmd command set Kirby.cmd...OK
  Loading cns Kirby.cns...OK
  Loading cns Kirby2.cns...OK
  Loading cmd state entry Kirby.cmd...OK
  Loading common states common1.cns...OK
  Loading sff Kirby.sff...OK
  Loading anim Kirby.air...OK
  Loading snd Kirby.snd...OK
  Loading pals...(1,1)(1,2)(1,3)(1,4)(1,5)(1,6)OK
  SFF v1.01 palette hack engaged.
  13533 expressions (4704 on trigger lines)
Character MicaelPlaceholder.def loaded OK
New char micaPlaceholder loaded into cache: (2/4 cached) Load time: 110.000ms
Resetting round
Match assets initialized OK
Game loop init
Match loop init
CloseWindow event forced common loop quit.
End of match loop
Total time: 41.86s
Total frames: 2508 	Skipped frames: 2
Avg game rate: 59.91
Avg frame rate: 59.87

Finishing match
Freeing players
Save persist vars P56 Dragonazo
Player Dragonazo cache count reduced: 0
Save persist vars P57 micaPlaceholder
Player micaPlaceholder cache count reduced: 0
Match RNG closed
Game loop deinit
Gameflow 6
Reset persist vars team 0
Reset persist vars team 1
Gameflow 7
Entering character select.
Unloading match assets
Freeing players
Unloading stage...OK
Game loop init
Unreserved all palettes
Charsel init
Game loop deinit
Canceled character select.
Gameflow 4
Entering mode select.
Unloading match assets
Freeing players
Game loop init
Mode select init
End of mode select loop
Game loop deinit
Returned from gameflow loop
Deinitializing...
Frames      : 3282
Time elapsed: 54.860 sec
ticks: 5486, tps: 100, start 101, end 5587

Unloading match assets
Freeing players
Clearing player cache...Freeing player RC micaPlaceholder...CMD...CNS...SFF...AIR...SND...Misc...OK
Freeing player RC Dragonazo...CMD...CNS...SFF...AIR...SND...Misc...OK
OK
Freeing character info...OK
Freeing select screen...OK
Freeing fight data...OK
Freeing system data...OK
Freeing game variables...Unloading match assets
Freeing players
OK
Deinitializing input...pad...keyboard...OK
Removing callbacks...OK
Deintializing timer...OK
Deinitializing graphics...OK
Deinitializing BGM...OK
Deinitializing sound...OK
Successful program termination.

Log file successfully closed.
